<?xml version="1.0" encoding="UTF-8"?>
<!-- Generated by org.testng.reporters.JUnitReportReporter -->
<testsuite hostname="LAPTOP-0AP94ACM" failures="0" tests="1" name="com.actitime.testscripts.CustomerModule" time="10.383" errors="0" timestamp="2023-08-04T15:40:39 IST" skipped="0">
  <testcase classname="com.actitime.testscripts.CustomerModule" name="testCreateCustomer" time="10.383"/>
  <system-out>
    <![CDATA[Create Customer]]>
  </system-out>
</testsuite> <!-- com.actitime.testscripts.CustomerModule -->
